[0.285s] Invoking command in '/home/jmj/voice_ws/build/my_voice': CONDA_PROMPT_MODIFIER=(test) PYTHONPATH=/home/jmj/voice_ws/build/my_voice/prefix_override:/usr/lib/python3/dist-packages/colcon_core/task/python/colcon_distutils_commands:/home/jmj/voice_ws/install/my_voice/lib/python3.8/site-packages:${PYTHONPATH} VSCODE_ENV_PREPEND=PATH=/home/jmj/anaconda3/envs/test/bin\x3a/home/jmj/anaconda3/condabin\x3a:PS1=(test) /usr/bin/python3 -W ignore:setup.py install is deprecated -W ignore:easy_install command is deprecated setup.py develop --uninstall --editable --build-directory /home/jmj/voice_ws/build/my_voice/build
[0.388s] running develop
[0.439s] Removing /home/jmj/voice_ws/install/my_voice/lib/python3.8/site-packages/my-voice.egg-link (link to .)
[0.449s] Invoked command in '/home/jmj/voice_ws/build/my_voice' returned '0': CONDA_PROMPT_MODIFIER=(test) PYTHONPATH=/home/jmj/voice_ws/build/my_voice/prefix_override:/usr/lib/python3/dist-packages/colcon_core/task/python/colcon_distutils_commands:/home/jmj/voice_ws/install/my_voice/lib/python3.8/site-packages:${PYTHONPATH} VSCODE_ENV_PREPEND=PATH=/home/jmj/anaconda3/envs/test/bin\x3a/home/jmj/anaconda3/condabin\x3a:PS1=(test) /usr/bin/python3 -W ignore:setup.py install is deprecated -W ignore:easy_install command is deprecated setup.py develop --uninstall --editable --build-directory /home/jmj/voice_ws/build/my_voice/build
[0.450s] Invoking command in '/home/jmj/voice_ws/src/my_voice': CONDA_PROMPT_MODIFIER=(test) PYTHONPATH=/home/jmj/voice_ws/build/my_voice/prefix_override:/usr/lib/python3/dist-packages/colcon_core/task/python/colcon_distutils_commands:/home/jmj/voice_ws/install/my_voice/lib/python3.8/site-packages:${PYTHONPATH} VSCODE_ENV_PREPEND=PATH=/home/jmj/anaconda3/envs/test/bin\x3a/home/jmj/anaconda3/condabin\x3a:PS1=(test) /usr/bin/python3 -W ignore:setup.py install is deprecated -W ignore:easy_install command is deprecated setup.py egg_info --egg-base ../../build/my_voice build --build-base /home/jmj/voice_ws/build/my_voice/build install --record /home/jmj/voice_ws/build/my_voice/install.log --install-scripts $base/lib/my_voice --single-version-externally-managed install_data --force
[0.546s] running egg_info
[0.547s] writing ../../build/my_voice/my_voice.egg-info/PKG-INFO
[0.547s] writing dependency_links to ../../build/my_voice/my_voice.egg-info/dependency_links.txt
[0.547s] writing entry points to ../../build/my_voice/my_voice.egg-info/entry_points.txt
[0.547s] writing requirements to ../../build/my_voice/my_voice.egg-info/requires.txt
[0.547s] writing top-level names to ../../build/my_voice/my_voice.egg-info/top_level.txt
[0.564s] reading manifest file '../../build/my_voice/my_voice.egg-info/SOURCES.txt'
[0.564s] writing manifest file '../../build/my_voice/my_voice.egg-info/SOURCES.txt'
[0.564s] running build
[0.564s] running build_py
[0.564s] creating /home/jmj/voice_ws/build/my_voice/build
[0.564s] creating /home/jmj/voice_ws/build/my_voice/build/lib
[0.564s] creating /home/jmj/voice_ws/build/my_voice/build/lib/my_voice
[0.564s] copying my_voice/Sub.py -> /home/jmj/voice_ws/build/my_voice/build/lib/my_voice
[0.564s] copying my_voice/from gtts import gTTS.py -> /home/jmj/voice_ws/build/my_voice/build/lib/my_voice
[0.564s] copying my_voice/__init__.py -> /home/jmj/voice_ws/build/my_voice/build/lib/my_voice
[0.564s] copying my_voice/Pub.py -> /home/jmj/voice_ws/build/my_voice/build/lib/my_voice
[0.564s] running install
[0.565s] running install_lib
[0.565s] creating /home/jmj/voice_ws/install/my_voice/lib/python3.8/site-packages/my_voice
[0.565s] copying /home/jmj/voice_ws/build/my_voice/build/lib/my_voice/Sub.py -> /home/jmj/voice_ws/install/my_voice/lib/python3.8/site-packages/my_voice
[0.565s] copying /home/jmj/voice_ws/build/my_voice/build/lib/my_voice/from gtts import gTTS.py -> /home/jmj/voice_ws/install/my_voice/lib/python3.8/site-packages/my_voice
[0.565s] copying /home/jmj/voice_ws/build/my_voice/build/lib/my_voice/__init__.py -> /home/jmj/voice_ws/install/my_voice/lib/python3.8/site-packages/my_voice
[0.565s] copying /home/jmj/voice_ws/build/my_voice/build/lib/my_voice/Pub.py -> /home/jmj/voice_ws/install/my_voice/lib/python3.8/site-packages/my_voice
[0.566s] byte-compiling /home/jmj/voice_ws/install/my_voice/lib/python3.8/site-packages/my_voice/Sub.py to Sub.cpython-38.pyc
[0.566s] byte-compiling /home/jmj/voice_ws/install/my_voice/lib/python3.8/site-packages/my_voice/from gtts import gTTS.py to from gtts import gTTS.cpython-38.pyc
[0.566s] byte-compiling /home/jmj/voice_ws/install/my_voice/lib/python3.8/site-packages/my_voice/__init__.py to __init__.cpython-38.pyc
[0.566s] byte-compiling /home/jmj/voice_ws/install/my_voice/lib/python3.8/site-packages/my_voice/Pub.py to Pub.cpython-38.pyc
[0.566s] running install_data
[0.566s] copying resource/my_voice -> /home/jmj/voice_ws/install/my_voice/share/ament_index/resource_index/packages
[0.567s] copying package.xml -> /home/jmj/voice_ws/install/my_voice/share/my_voice
[0.567s] running install_egg_info
[0.567s] Copying ../../build/my_voice/my_voice.egg-info to /home/jmj/voice_ws/install/my_voice/lib/python3.8/site-packages/my_voice-0.0.0-py3.8.egg-info
[0.568s] running install_scripts
[0.576s] Installing Pub script to /home/jmj/voice_ws/install/my_voice/lib/my_voice
[0.576s] Installing Sub script to /home/jmj/voice_ws/install/my_voice/lib/my_voice
[0.576s] writing list of installed files to '/home/jmj/voice_ws/build/my_voice/install.log'
[0.587s] Invoked command in '/home/jmj/voice_ws/src/my_voice' returned '0': CONDA_PROMPT_MODIFIER=(test) PYTHONPATH=/home/jmj/voice_ws/build/my_voice/prefix_override:/usr/lib/python3/dist-packages/colcon_core/task/python/colcon_distutils_commands:/home/jmj/voice_ws/install/my_voice/lib/python3.8/site-packages:${PYTHONPATH} VSCODE_ENV_PREPEND=PATH=/home/jmj/anaconda3/envs/test/bin\x3a/home/jmj/anaconda3/condabin\x3a:PS1=(test) /usr/bin/python3 -W ignore:setup.py install is deprecated -W ignore:easy_install command is deprecated setup.py egg_info --egg-base ../../build/my_voice build --build-base /home/jmj/voice_ws/build/my_voice/build install --record /home/jmj/voice_ws/build/my_voice/install.log --install-scripts $base/lib/my_voice --single-version-externally-managed install_data --force
