[0.305s] Invoking command in '/home/jmj/voice_ws/src/my_voice': CONDA_PROMPT_MODIFIER=(test) PYTHONPATH=/home/jmj/voice_ws/build/my_voice/prefix_override:/usr/lib/python3/dist-packages/colcon_core/task/python/colcon_distutils_commands:/home/jmj/voice_ws/install/my_voice/lib/python3.8/site-packages:${PYTHONPATH} VSCODE_ENV_PREPEND=PATH=/home/jmj/anaconda3/envs/test/bin\x3a/home/jmj/anaconda3/condabin\x3a/home/jmj/anaconda3/bin\x3a/home/jmj/anaconda3/condabin\x3a/opt/ros/foxy/bin\x3a/usr/local/sbin\x3a/usr/local/bin\x3a/usr/sbin\x3a/usr/bin\x3a/sbin\x3a/bin\x3a/usr/games\x3a/usr/local/games\x3a/snap/bin\x3a:PS1=(test) /usr/bin/python3 -W ignore:setup.py install is deprecated -W ignore:easy_install command is deprecated setup.py egg_info --egg-base ../../build/my_voice build --build-base /home/jmj/voice_ws/build/my_voice/build install --record /home/jmj/voice_ws/build/my_voice/install.log --install-scripts $base/lib/my_voice --single-version-externally-managed install_data
[0.403s] running egg_info
[0.403s] writing ../../build/my_voice/my_voice.egg-info/PKG-INFO
[0.403s] writing dependency_links to ../../build/my_voice/my_voice.egg-info/dependency_links.txt
[0.404s] writing entry points to ../../build/my_voice/my_voice.egg-info/entry_points.txt
[0.404s] writing requirements to ../../build/my_voice/my_voice.egg-info/requires.txt
[0.404s] writing top-level names to ../../build/my_voice/my_voice.egg-info/top_level.txt
[0.422s] reading manifest file '../../build/my_voice/my_voice.egg-info/SOURCES.txt'
[0.422s] writing manifest file '../../build/my_voice/my_voice.egg-info/SOURCES.txt'
[0.422s] running build
[0.422s] running build_py
[0.423s] copying my_voice/button_pressed.py -> /home/jmj/voice_ws/build/my_voice/build/lib/my_voice
[0.423s] copying my_voice/stt_wake.py -> /home/jmj/voice_ws/build/my_voice/build/lib/my_voice
[0.423s] copying my_voice/stt.py -> /home/jmj/voice_ws/build/my_voice/build/lib/my_voice
[0.423s] copying my_voice/playback.py -> /home/jmj/voice_ws/build/my_voice/build/lib/my_voice
[0.423s] copying my_voice/tts.py -> /home/jmj/voice_ws/build/my_voice/build/lib/my_voice
[0.423s] running install
[0.423s] running install_lib
[0.424s] copying /home/jmj/voice_ws/build/my_voice/build/lib/my_voice/button_pressed.py -> /home/jmj/voice_ws/install/my_voice/lib/python3.8/site-packages/my_voice
[0.424s] copying /home/jmj/voice_ws/build/my_voice/build/lib/my_voice/stt_wake.py -> /home/jmj/voice_ws/install/my_voice/lib/python3.8/site-packages/my_voice
[0.424s] copying /home/jmj/voice_ws/build/my_voice/build/lib/my_voice/stt.py -> /home/jmj/voice_ws/install/my_voice/lib/python3.8/site-packages/my_voice
[0.424s] copying /home/jmj/voice_ws/build/my_voice/build/lib/my_voice/playback.py -> /home/jmj/voice_ws/install/my_voice/lib/python3.8/site-packages/my_voice
[0.424s] copying /home/jmj/voice_ws/build/my_voice/build/lib/my_voice/tts.py -> /home/jmj/voice_ws/install/my_voice/lib/python3.8/site-packages/my_voice
[0.424s] byte-compiling /home/jmj/voice_ws/install/my_voice/lib/python3.8/site-packages/my_voice/button_pressed.py to button_pressed.cpython-38.pyc
[0.425s] byte-compiling /home/jmj/voice_ws/install/my_voice/lib/python3.8/site-packages/my_voice/stt_wake.py to stt_wake.cpython-38.pyc
[0.425s] byte-compiling /home/jmj/voice_ws/install/my_voice/lib/python3.8/site-packages/my_voice/stt.py to stt.cpython-38.pyc
[0.426s] byte-compiling /home/jmj/voice_ws/install/my_voice/lib/python3.8/site-packages/my_voice/playback.py to playback.cpython-38.pyc
[0.426s] byte-compiling /home/jmj/voice_ws/install/my_voice/lib/python3.8/site-packages/my_voice/tts.py to tts.cpython-38.pyc
[0.427s] running install_data
[0.427s] running install_egg_info
[0.427s] removing '/home/jmj/voice_ws/install/my_voice/lib/python3.8/site-packages/my_voice-0.0.0-py3.8.egg-info' (and everything under it)
[0.428s] Copying ../../build/my_voice/my_voice.egg-info to /home/jmj/voice_ws/install/my_voice/lib/python3.8/site-packages/my_voice-0.0.0-py3.8.egg-info
[0.428s] running install_scripts
[0.437s] Installing Pub script to /home/jmj/voice_ws/install/my_voice/lib/my_voice
[0.437s] Installing Sub script to /home/jmj/voice_ws/install/my_voice/lib/my_voice
[0.437s] writing list of installed files to '/home/jmj/voice_ws/build/my_voice/install.log'
[0.448s] Invoked command in '/home/jmj/voice_ws/src/my_voice' returned '0': CONDA_PROMPT_MODIFIER=(test) PYTHONPATH=/home/jmj/voice_ws/build/my_voice/prefix_override:/usr/lib/python3/dist-packages/colcon_core/task/python/colcon_distutils_commands:/home/jmj/voice_ws/install/my_voice/lib/python3.8/site-packages:${PYTHONPATH} VSCODE_ENV_PREPEND=PATH=/home/jmj/anaconda3/envs/test/bin\x3a/home/jmj/anaconda3/condabin\x3a/home/jmj/anaconda3/bin\x3a/home/jmj/anaconda3/condabin\x3a/opt/ros/foxy/bin\x3a/usr/local/sbin\x3a/usr/local/bin\x3a/usr/sbin\x3a/usr/bin\x3a/sbin\x3a/bin\x3a/usr/games\x3a/usr/local/games\x3a/snap/bin\x3a:PS1=(test) /usr/bin/python3 -W ignore:setup.py install is deprecated -W ignore:easy_install command is deprecated setup.py egg_info --egg-base ../../build/my_voice build --build-base /home/jmj/voice_ws/build/my_voice/build install --record /home/jmj/voice_ws/build/my_voice/install.log --install-scripts $base/lib/my_voice --single-version-externally-managed install_data
