[0.000000] (-) TimerEvent: {}
[0.000633] (my_voice) JobQueued: {'identifier': 'my_voice', 'dependencies': OrderedDict()}
[0.000674] (my_voice) JobStarted: {'identifier': 'my_voice'}
[0.100030] (-) TimerEvent: {}
[0.200368] (-) TimerEvent: {}
[0.289090] (my_voice) Command: {'cmd': ['/usr/bin/python3', '-W', 'ignore:setup.py install is deprecated', '-W', 'ignore:easy_install command is deprecated', 'setup.py', 'egg_info', '--egg-base', '../../build/my_voice', 'build', '--build-base', '/home/jmj/voice_ws/build/my_voice/build', 'install', '--record', '/home/jmj/voice_ws/build/my_voice/install.log', '--install-scripts', '$base/lib/my_voice', '--single-version-externally-managed', 'install_data'], 'cwd': '/home/jmj/voice_ws/src/my_voice', 'env': {'GJS_DEBUG_TOPICS': 'JS ERROR;JS LOG', 'LESSOPEN': '| /usr/bin/lesspipe %s', 'CONDA_PROMPT_MODIFIER': '(test)', 'LANGUAGE': 'en_US:en', 'USER': 'jmj', 'LC_TIME': 'ko_KR.UTF-8', 'SSH_AGENT_PID': '1327', 'XDG_SESSION_TYPE': 'x11', 'GIT_ASKPASS': '/usr/share/code/resources/app/extensions/git/dist/askpass.sh', 'SHLVL': '0', 'LD_LIBRARY_PATH': '/opt/ros/foxy/opt/yaml_cpp_vendor/lib:/opt/ros/foxy/opt/rviz_ogre_vendor/lib:/opt/ros/foxy/lib/x86_64-linux-gnu:/opt/ros/foxy/lib', 'HOME': '/home/jmj', 'CHROME_DESKTOP': 'code.desktop', 'CONDA_SHLVL': '2', 'TERM_PROGRAM_VERSION': '1.96.2', 'DESKTOP_SESSION': 'ubuntu', 'VSCODE_ENV_PREPEND': 'PATH=/home/jmj/anaconda3/envs/test/bin\\x3a/home/jmj/anaconda3/condabin\\x3a/home/jmj/anaconda3/bin\\x3a/home/jmj/anaconda3/condabin\\x3a/opt/ros/foxy/bin\\x3a/usr/local/sbin\\x3a/usr/local/bin\\x3a/usr/sbin\\x3a/usr/bin\\x3a/sbin\\x3a/bin\\x3a/usr/games\\x3a/usr/local/games\\x3a/snap/bin\\x3a:PS1=(test)', 'GIO_LAUNCHED_DESKTOP_FILE': '/usr/share/applications/code.desktop', 'ROS_PYTHON_VERSION': '3', 'GNOME_SHELL_SESSION_MODE': 'ubuntu', 'GTK_MODULES': 'gail:atk-bridge', 'VSCODE_GIT_ASKPASS_MAIN': '/usr/share/code/resources/app/extensions/git/dist/askpass-main.js', 'LC_MONETARY': 'ko_KR.UTF-8', 'VSCODE_GIT_ASKPASS_NODE': '/usr/share/code/code', 'MANAGERPID': '1225', 'DBUS_SESSION_BUS_ADDRESS': 'unix:path=/run/user/1000/bus', 'COLORTERM': 'truecolor', '_CE_M': '', 'CONDA_ALLOW_SOFTLINKS': 'false', 'GIO_LAUNCHED_DESKTOP_FILE_PID': '4338', 'IM_CONFIG_PHASE': '1', 'ROS_DISTRO': 'foxy', 'LOGNAME': 'jmj', 'CONDA_ROOT': '/home/jmj/anaconda3', '_': '/usr/bin/colcon', 'JOURNAL_STREAM': '8:47352', 'ROS_VERSION': '2', 'XDG_SESSION_CLASS': 'user', 'USERNAME': 'jmj', 'TERM': 'xterm-256color', 'GNOME_DESKTOP_SESSION_ID': 'this-is-deprecated', '_CE_CONDA': '', 'ROS_LOCALHOST_ONLY': '0', 'WINDOWPATH': '2', 'PATH': '/home/jmj/anaconda3/envs/test/bin:/home/jmj/anaconda3/condabin:/home/jmj/anaconda3/bin:/home/jmj/anaconda3/condabin:/opt/ros/foxy/bin:/usr/local/sbin:/usr/local/bin:/usr/sbin:/usr/bin:/sbin:/bin:/usr/games:/usr/local/games:/snap/bin:/home/jmj/anaconda3/bin:/home/jmj/anaconda3/condabin:/home/jmj/anaconda3/bin:/home/jmj/anaconda3/condabin:/opt/ros/foxy/bin:/usr/local/sbin:/usr/local/bin:/usr/sbin:/usr/bin:/sbin:/bin:/usr/games:/usr/local/games:/snap/bin', 'SESSION_MANAGER': 'local/jmj:@/tmp/.ICE-unix/1363,unix/jmj:/tmp/.ICE-unix/1363', 'INVOCATION_ID': '8117256b761649848ac2efc4997b3cba', 'PAPERSIZE': 'a4', 'XDG_MENU_PREFIX': 'gnome-', 'LC_ADDRESS': 'ko_KR.UTF-8', 'XDG_RUNTIME_DIR': '/run/user/1000', 'GDK_BACKEND': 'x11', 'DISPLAY': ':0', 'LANG': 'en_US.UTF-8', 'XDG_CURRENT_DESKTOP': 'Unity', 'LC_TELEPHONE': 'ko_KR.UTF-8', 'CONDA_PREFIX_1': '/home/jmj/anaconda3', 'XMODIFIERS': '@im=ibus', 'XDG_SESSION_DESKTOP': 'ubuntu', 'XAUTHORITY': '/run/user/1000/gdm/Xauthority', 'LS_COLORS': '', 'VSCODE_GIT_IPC_HANDLE': '/run/user/1000/vscode-git-18eae39ce8.sock', 'TERM_PROGRAM': 'vscode', 'SSH_AUTH_SOCK': '/run/user/1000/keyring/ssh', 'GSETTINGS_SCHEMA_DIR': '/home/jmj/anaconda3/share/glib-2.0/schemas', 'AMENT_PREFIX_PATH': '/opt/ros/foxy', 'CONDA_PYTHON_EXE': '/home/jmj/anaconda3/bin/python', 'ORIGINAL_XDG_CURRENT_DESKTOP': 'ubuntu:GNOME', 'SHELL': '/bin/bash', 'LC_NAME': 'ko_KR.UTF-8', 'QT_ACCESSIBILITY': '1', 'GDMSESSION': 'ubuntu', 'LESSCLOSE': '/usr/bin/lesspipe %s %s', 'VSCODE_ENV_REPLACE': '_CE_M=:CONDA_ROOT=/home/jmj/anaconda3:CONDA_PREFIX=/home/jmj/anaconda3/envs/test:CONDA_PROMPT_MODIFIER=(test) :_CE_CONDA=:CONDA_SHLVL=2:CONDA_DEFAULT_ENV=test:CONDA_ALLOW_SOFTLINKS=false:CONDA_PREFIX_1=/home/jmj/anaconda3', 'CONDA_DEFAULT_ENV': 'test', 'LC_MEASUREMENT': 'ko_KR.UTF-8', 'GPG_AGENT_INFO': '/run/user/1000/gnupg/S.gpg-agent:0:1', 'GJS_DEBUG_OUTPUT': 'stderr', 'LC_IDENTIFICATION': 'ko_KR.UTF-8', 'VSCODE_GIT_ASKPASS_EXTRA_ARGS': '', 'QT_IM_MODULE': 'ibus', 'PWD': '/home/jmj/voice_ws/build/my_voice', 'LC_ALL': 'en_US.UTF-8', 'XDG_CONFIG_DIRS': '/etc/xdg/xdg-ubuntu:/etc/xdg', 'CONDA_EXE': '/home/jmj/anaconda3/bin/conda', 'XDG_DATA_DIRS': '/usr/share/ubuntu:/usr/local/share/:/usr/share/:/var/lib/snapd/desktop', 'PYTHONPATH': '/home/jmj/voice_ws/build/my_voice/prefix_override:/usr/lib/python3/dist-packages/colcon_core/task/python/colcon_distutils_commands:/home/jmj/voice_ws/install/my_voice/lib/python3.8/site-packages:/opt/ros/foxy/lib/python3.8/site-packages', 'LC_NUMERIC': 'ko_KR.UTF-8', 'CONDA_PREFIX': '/home/jmj/anaconda3/envs/test', 'GSETTINGS_SCHEMA_DIR_CONDA_BACKUP': '', 'LC_PAPER': 'ko_KR.UTF-8', 'COLCON': '1'}, 'shell': False}
[0.300479] (-) TimerEvent: {}
[0.388017] (my_voice) StdoutLine: {'line': b'running egg_info\n'}
[0.388291] (my_voice) StdoutLine: {'line': b'writing ../../build/my_voice/my_voice.egg-info/PKG-INFO\n'}
[0.388381] (my_voice) StdoutLine: {'line': b'writing dependency_links to ../../build/my_voice/my_voice.egg-info/dependency_links.txt\n'}
[0.388449] (my_voice) StdoutLine: {'line': b'writing entry points to ../../build/my_voice/my_voice.egg-info/entry_points.txt\n'}
[0.388480] (my_voice) StdoutLine: {'line': b'writing requirements to ../../build/my_voice/my_voice.egg-info/requires.txt\n'}
[0.388508] (my_voice) StdoutLine: {'line': b'writing top-level names to ../../build/my_voice/my_voice.egg-info/top_level.txt\n'}
[0.400578] (-) TimerEvent: {}
[0.405147] (my_voice) StdoutLine: {'line': b"reading manifest file '../../build/my_voice/my_voice.egg-info/SOURCES.txt'\n"}
[0.405500] (my_voice) StdoutLine: {'line': b"writing manifest file '../../build/my_voice/my_voice.egg-info/SOURCES.txt'\n"}
[0.405580] (my_voice) StdoutLine: {'line': b'running build\n'}
[0.405613] (my_voice) StdoutLine: {'line': b'running build_py\n'}
[0.405846] (my_voice) StdoutLine: {'line': b'running install\n'}
[0.406309] (my_voice) StdoutLine: {'line': b'running install_lib\n'}
[0.407078] (my_voice) StdoutLine: {'line': b'running install_data\n'}
[0.407138] (my_voice) StdoutLine: {'line': b'running install_egg_info\n'}
[0.407917] (my_voice) StdoutLine: {'line': b"removing '/home/jmj/voice_ws/install/my_voice/lib/python3.8/site-packages/my_voice-0.0.0-py3.8.egg-info' (and everything under it)\n"}
[0.408050] (my_voice) StdoutLine: {'line': b'Copying ../../build/my_voice/my_voice.egg-info to /home/jmj/voice_ws/install/my_voice/lib/python3.8/site-packages/my_voice-0.0.0-py3.8.egg-info\n'}
[0.408332] (my_voice) StdoutLine: {'line': b'running install_scripts\n'}
[0.417364] (my_voice) StdoutLine: {'line': b'Installing Pub script to /home/jmj/voice_ws/install/my_voice/lib/my_voice\n'}
[0.417444] (my_voice) StdoutLine: {'line': b'Installing Sub script to /home/jmj/voice_ws/install/my_voice/lib/my_voice\n'}
[0.417714] (my_voice) StdoutLine: {'line': b"writing list of installed files to '/home/jmj/voice_ws/build/my_voice/install.log'\n"}
[0.427411] (my_voice) CommandEnded: {'returncode': 0}
[0.436147] (my_voice) JobEnded: {'identifier': 'my_voice', 'rc': 0}
[0.436660] (-) EventReactorShutdown: {}
