[0.006s] Invoking command in '/home/jmj/voice_ws/build/mypkg': CMAKE_PREFIX_PATH=/home/jmj/voice_ws/install/my_voice:/opt/ros/foxy CONDA_PROMPT_MODIFIER=(test) /usr/bin/cmake /home/jmj/voice_ws/mypkg -DCMAKE_INSTALL_PREFIX=/home/jmj/voice_ws/install/mypkg
[0.041s] -- The C compiler identification is GNU 9.4.0
[0.082s] -- The CXX compiler identification is GNU 9.4.0
[0.085s] -- Check for working C compiler: /usr/bin/cc
[0.131s] -- Check for working C compiler: /usr/bin/cc -- works
[0.132s] -- Detecting C compiler ABI info
[0.185s] -- Detecting C compiler ABI info - done
[0.193s] -- Detecting C compile features
[0.193s] -- Detecting C compile features - done
[0.195s] -- Check for working CXX compiler: /usr/bin/c++
[0.259s] -- Check for working CXX compiler: /usr/bin/c++ -- works
[0.259s] -- Detecting CXX compiler ABI info
[0.342s] -- Detecting CXX compiler ABI info - done
[0.354s] -- Detecting CXX compile features
[0.354s] -- Detecting CXX compile features - done
[0.356s] -- Found ament_cmake: 0.9.12 (/opt/ros/foxy/share/ament_cmake/cmake)
[0.371s] -- Found PythonInterp: /home/jmj/anaconda3/bin/python3 (found suitable version "3.12.7", minimum required is "3") 
[0.371s] -- Using PYTHON_EXECUTABLE: /home/jmj/anaconda3/bin/python3
[0.477s] -- Found rclcpp: 2.4.3 (/opt/ros/foxy/share/rclcpp/cmake)
[0.502s] -- Using all available rosidl_typesupport_c: rosidl_typesupport_fastrtps_c;rosidl_typesupport_introspection_c
[0.504s] -- Found rosidl_adapter: 1.3.1 (/opt/ros/foxy/share/rosidl_adapter/cmake)
[0.540s] -- Found OpenSSL: /usr/lib/x86_64-linux-gnu/libcrypto.so (found version "1.1.1f")  
[0.556s] -- Found FastRTPS: /opt/ros/foxy/include  
[0.594s] -- Using all available rosidl_typesupport_cpp: rosidl_typesupport_fastrtps_cpp;rosidl_typesupport_introspection_cpp
[0.624s] -- Found rmw_implementation_cmake: 1.0.4 (/opt/ros/foxy/share/rmw_implementation_cmake/cmake)
[0.625s] -- Using RMW implementation 'rmw_fastrtps_cpp' as default
[0.626s] -- Looking for pthread.h
[0.675s] -- Looking for pthread.h - found
[0.675s] -- Performing Test CMAKE_HAVE_LIBC_PTHREAD
[0.750s] -- Performing Test CMAKE_HAVE_LIBC_PTHREAD - Failed
[0.751s] -- Looking for pthread_create in pthreads
[0.810s] -- Looking for pthread_create in pthreads - not found
[0.810s] -- Looking for pthread_create in pthread
[0.901s] -- Looking for pthread_create in pthread - found
[0.902s] -- Found Threads: TRUE  
[1.001s] -- Found ament_lint_auto: 0.9.8 (/opt/ros/foxy/share/ament_lint_auto/cmake)
[1.013s] Traceback (most recent call last):
[1.014s]   File "/opt/ros/foxy/share/ament_cmake_core/cmake/core/package_xml_2_cmake.py", line 21, in <module>
[1.014s]     from catkin_pkg.package import parse_package_string
[1.014s] ModuleNotFoundError: No module named 'catkin_pkg'
[1.015s] CMake Error at /opt/ros/foxy/share/ament_cmake_core/cmake/core/ament_package_xml.cmake:94 (message):
[1.015s]   execute_process(/home/jmj/anaconda3/bin/python3
[1.016s]   /opt/ros/foxy/share/ament_cmake_core/cmake/core/package_xml_2_cmake.py
[1.016s]   /home/jmj/voice_ws/mypkg/package.xml
[1.016s]   /home/jmj/voice_ws/build/mypkg/ament_cmake_core/package.cmake) returned
[1.016s]   error code 1
[1.016s] Call Stack (most recent call first):
[1.016s]   /opt/ros/foxy/share/ament_cmake_core/cmake/core/ament_package_xml.cmake:49 (_ament_package_xml)
[1.016s]   /opt/ros/foxy/share/ament_lint_auto/cmake/ament_lint_auto_find_test_dependencies.cmake:31 (ament_package_xml)
[1.016s]   CMakeLists.txt:31 (ament_lint_auto_find_test_dependencies)
[1.016s] 
[1.016s] 
[1.016s] -- Configuring incomplete, errors occurred!
[1.016s] See also "/home/jmj/voice_ws/build/mypkg/CMakeFiles/CMakeOutput.log".
[1.016s] See also "/home/jmj/voice_ws/build/mypkg/CMakeFiles/CMakeError.log".
[1.021s] Invoked command in '/home/jmj/voice_ws/build/mypkg' returned '1': CMAKE_PREFIX_PATH=/home/jmj/voice_ws/install/my_voice:/opt/ros/foxy CONDA_PROMPT_MODIFIER=(test) /usr/bin/cmake /home/jmj/voice_ws/mypkg -DCMAKE_INSTALL_PREFIX=/home/jmj/voice_ws/install/mypkg
