[0.296s] Invoking command in '/home/jmj/voice_ws/src': CONDA_PROMPT_MODIFIER=(test) PYTHONPATH=/home/jmj/voice_ws/build/my_voice/prefix_override:/usr/lib/python3/dist-packages/colcon_core/task/python/colcon_distutils_commands:/home/jmj/voice_ws/install/my_voice/lib/python3.8/site-packages:${PYTHONPATH} /usr/bin/python3 -W ignore:setup.py install is deprecated -W ignore:easy_install command is deprecated setup.py egg_info --egg-base ../build/my_voice build --build-base /home/jmj/voice_ws/build/my_voice/build install --record /home/jmj/voice_ws/build/my_voice/install.log --install-scripts $base/lib/my_voice --single-version-externally-managed install_data
[0.393s] running egg_info
[0.393s] writing ../build/my_voice/my_voice.egg-info/PKG-INFO
[0.393s] writing dependency_links to ../build/my_voice/my_voice.egg-info/dependency_links.txt
[0.394s] writing entry points to ../build/my_voice/my_voice.egg-info/entry_points.txt
[0.394s] writing requirements to ../build/my_voice/my_voice.egg-info/requires.txt
[0.394s] writing top-level names to ../build/my_voice/my_voice.egg-info/top_level.txt
[0.410s] reading manifest file '../build/my_voice/my_voice.egg-info/SOURCES.txt'
[0.411s] writing manifest file '../build/my_voice/my_voice.egg-info/SOURCES.txt'
[0.411s] running build
[0.411s] running build_py
[0.411s] running install
[0.411s] running install_lib
[0.412s] running install_data
[0.412s] running install_egg_info
[0.413s] removing '/home/jmj/voice_ws/install/my_voice/lib/python3.8/site-packages/my_voice-0.0.0-py3.8.egg-info' (and everything under it)
[0.413s] Copying ../build/my_voice/my_voice.egg-info to /home/jmj/voice_ws/install/my_voice/lib/python3.8/site-packages/my_voice-0.0.0-py3.8.egg-info
[0.414s] running install_scripts
[0.422s] Installing Pub script to /home/jmj/voice_ws/install/my_voice/lib/my_voice
[0.422s] Installing Sub script to /home/jmj/voice_ws/install/my_voice/lib/my_voice
[0.422s] Installing stt script to /home/jmj/voice_ws/install/my_voice/lib/my_voice
[0.422s] writing list of installed files to '/home/jmj/voice_ws/build/my_voice/install.log'
