[0.006s] Invoking command in '/home/jmj/voice_ws/build/mynewpkg': CMAKE_PREFIX_PATH=/home/jmj/voice_ws/install/my_voice:/opt/ros/foxy CONDA_PROMPT_MODIFIER=(test) /usr/bin/cmake /home/jmj/voice_ws/mynewpkg -DCMAKE_INSTALL_PREFIX=/home/jmj/voice_ws/install/mynewpkg
[0.049s] -- The C compiler identification is GNU 9.4.0
[0.104s] -- The CXX compiler identification is GNU 9.4.0
[0.106s] -- Check for working C compiler: /usr/bin/cc
[0.171s] -- Check for working C compiler: /usr/bin/cc -- works
[0.173s] -- Detecting C compiler ABI info
[0.255s] -- Detecting C compiler ABI info - done
[0.262s] -- Detecting C compile features
[0.262s] -- Detecting C compile features - done
[0.263s] -- Check for working CXX compiler: /usr/bin/c++
[0.368s] -- Check for working CXX compiler: /usr/bin/c++ -- works
[0.369s] -- Detecting CXX compiler ABI info
[0.464s] -- Detecting CXX compiler ABI info - done
[0.475s] -- Detecting CXX compile features
[0.476s] -- Detecting CXX compile features - done
[0.477s] -- Found ament_cmake: 0.9.12 (/opt/ros/foxy/share/ament_cmake/cmake)
[0.490s] -- Found PythonInterp: /home/jmj/anaconda3/bin/python3 (found suitable version "3.12.7", minimum required is "3") 
[0.490s] -- Using PYTHON_EXECUTABLE: /home/jmj/anaconda3/bin/python3
[0.593s] -- Found std_msgs: 2.0.5 (/opt/ros/foxy/share/std_msgs/cmake)
[0.608s] -- Using all available rosidl_typesupport_c: rosidl_typesupport_fastrtps_c;rosidl_typesupport_introspection_c
[0.612s] -- Found rosidl_adapter: 1.3.1 (/opt/ros/foxy/share/rosidl_adapter/cmake)
[0.651s] -- Found OpenSSL: /usr/lib/x86_64-linux-gnu/libcrypto.so (found version "1.1.1f")  
[0.666s] -- Found FastRTPS: /opt/ros/foxy/include  
[0.704s] -- Using all available rosidl_typesupport_cpp: rosidl_typesupport_fastrtps_cpp;rosidl_typesupport_introspection_cpp
[0.730s] -- Found rosidl_default_generators: 1.0.1 (/opt/ros/foxy/share/rosidl_default_generators/cmake)
[0.745s] -- Found PythonInterp: /home/jmj/anaconda3/bin/python3 (found version "3.12.7") 
[0.771s] CMake Error at /opt/ros/foxy/share/rosidl_adapter/cmake/rosidl_adapt_interfaces.cmake:60 (message):
[0.771s]   execute_process(/home/jmj/anaconda3/bin/python3 -m rosidl_adapter
[0.771s]   --package-name mynewpkg --arguments-file
[0.771s]   /home/jmj/voice_ws/build/mynewpkg/rosidl_adapter__arguments__mynewpkg.json
[0.771s]   --output-dir /home/jmj/voice_ws/build/mynewpkg/rosidl_adapter/mynewpkg
[0.771s]   --output-file
[0.771s]   /home/jmj/voice_ws/build/mynewpkg/rosidl_adapter/mynewpkg.idls) returned
[0.771s]   error code 1:
[0.771s] 
[0.771s]   AttributeError processing template 'msg.idl.em'
[0.771s] 
[0.771s]   Traceback (most recent call last):
[0.771s] 
[0.771s]     File "/opt/ros/foxy/lib/python3.8/site-packages/rosidl_adapter/resource/__init__.py", line 48, in evaluate_template
[0.771s]       _interpreter = em.Interpreter(
[0.771s]                      ^^^^^^^^^^^^^^
[0.771s] 
[0.771s]   AttributeError: module 'em' has no attribute 'Interpreter'
[0.771s] 
[0.771s]   
[0.771s] 
[0.771s]   During handling of the above exception, another exception occurred:
[0.771s] 
[0.771s]   
[0.771s] 
[0.771s]   Traceback (most recent call last):
[0.771s] 
[0.771s]     File "<frozen runpy>", line 198, in _run_module_as_main
[0.772s]     File "<frozen runpy>", line 88, in _run_code
[0.772s]     File "/opt/ros/foxy/lib/python3.8/site-packages/rosidl_adapter/__main__.py", line 19, in <module>
[0.772s]       sys.exit(main())
[0.772s]                ^^^^^^
[0.772s]     File "/opt/ros/foxy/lib/python3.8/site-packages/rosidl_adapter/main.py", line 53, in main
[0.772s]       abs_idl_file = convert_to_idl(
[0.772s]                      ^^^^^^^^^^^^^^^
[0.772s]     File "/opt/ros/foxy/lib/python3.8/site-packages/rosidl_adapter/__init__.py", line 19, in convert_to_idl
[0.772s]       return convert_msg_to_idl(
[0.772s]              ^^^^^^^^^^^^^^^^^^^
[0.772s]     File "/opt/ros/foxy/lib/python3.8/site-packages/rosidl_adapter/msg/__init__.py", line 39, in convert_msg_to_idl
[0.772s]       expand_template('msg.idl.em', data, output_file, encoding='iso-8859-1')
[0.772s]     File "/opt/ros/foxy/lib/python3.8/site-packages/rosidl_adapter/resource/__init__.py", line 23, in expand_template
[0.772s]       content = evaluate_template(template_name, data)
[0.772s]                 ^^^^^^^^^^^^^^^^^^^^^^^^^^^^^^^^^^^^^^
[0.772s]     File "/opt/ros/foxy/lib/python3.8/site-packages/rosidl_adapter/resource/__init__.py", line 69, in evaluate_template
[0.772s]       _interpreter.shutdown()
[0.772s]       ^^^^^^^^^^^^^^^^^^^^^
[0.772s] 
[0.772s]   AttributeError: 'NoneType' object has no attribute 'shutdown'
[0.772s] 
[0.772s] Call Stack (most recent call first):
[0.772s]   /opt/ros/foxy/share/rosidl_cmake/cmake/rosidl_generate_interfaces.cmake:130 (rosidl_adapt_interfaces)
[0.772s]   CMakeLists.txt:23 (rosidl_generate_interfaces)
[0.772s] 
[0.772s] 
[0.772s] -- Configuring incomplete, errors occurred!
[0.772s] See also "/home/jmj/voice_ws/build/mynewpkg/CMakeFiles/CMakeOutput.log".
[0.776s] Invoked command in '/home/jmj/voice_ws/build/mynewpkg' returned '1': CMAKE_PREFIX_PATH=/home/jmj/voice_ws/install/my_voice:/opt/ros/foxy CONDA_PROMPT_MODIFIER=(test) /usr/bin/cmake /home/jmj/voice_ws/mynewpkg -DCMAKE_INSTALL_PREFIX=/home/jmj/voice_ws/install/mynewpkg
