[0.283s] Invoking command in '/home/jmj/voice_ws/build/my_voice': PYTHONPATH=/home/jmj/voice_ws/build/my_voice/prefix_override:/usr/lib/python3/dist-packages/colcon_core/task/python/colcon_distutils_commands:/home/jmj/voice_ws/install/my_voice/lib/python3.8/site-packages:${PYTHONPATH} /usr/bin/python3 -W ignore:setup.py install is deprecated -W ignore:easy_install command is deprecated setup.py develop --uninstall --editable --build-directory /home/jmj/voice_ws/build/my_voice/build
[0.386s] running develop
[0.438s] Removing /home/jmj/voice_ws/install/my_voice/lib/python3.8/site-packages/my-voice.egg-link (link to .)
[0.450s] Invoked command in '/home/jmj/voice_ws/build/my_voice' returned '0': PYTHONPATH=/home/jmj/voice_ws/build/my_voice/prefix_override:/usr/lib/python3/dist-packages/colcon_core/task/python/colcon_distutils_commands:/home/jmj/voice_ws/install/my_voice/lib/python3.8/site-packages:${PYTHONPATH} /usr/bin/python3 -W ignore:setup.py install is deprecated -W ignore:easy_install command is deprecated setup.py develop --uninstall --editable --build-directory /home/jmj/voice_ws/build/my_voice/build
[0.450s] Invoking command in '/home/jmj/voice_ws/src': PYTHONPATH=/home/jmj/voice_ws/build/my_voice/prefix_override:/usr/lib/python3/dist-packages/colcon_core/task/python/colcon_distutils_commands:/home/jmj/voice_ws/install/my_voice/lib/python3.8/site-packages:${PYTHONPATH} /usr/bin/python3 -W ignore:setup.py install is deprecated -W ignore:easy_install command is deprecated setup.py egg_info --egg-base ../build/my_voice build --build-base /home/jmj/voice_ws/build/my_voice/build install --record /home/jmj/voice_ws/build/my_voice/install.log --install-scripts $base/lib/my_voice --single-version-externally-managed install_data --force
[0.547s] running egg_info
[0.547s] writing ../build/my_voice/my_voice.egg-info/PKG-INFO
[0.547s] writing dependency_links to ../build/my_voice/my_voice.egg-info/dependency_links.txt
[0.547s] writing entry points to ../build/my_voice/my_voice.egg-info/entry_points.txt
[0.547s] writing requirements to ../build/my_voice/my_voice.egg-info/requires.txt
[0.547s] writing top-level names to ../build/my_voice/my_voice.egg-info/top_level.txt
[0.563s] reading manifest file '../build/my_voice/my_voice.egg-info/SOURCES.txt'
[0.564s] writing manifest file '../build/my_voice/my_voice.egg-info/SOURCES.txt'
[0.564s] running build
[0.564s] running build_py
[0.564s] copying my_voice/stt.py -> /home/jmj/voice_ws/build/my_voice/build/lib/my_voice
[0.564s] running install
[0.565s] running install_lib
[0.565s] copying /home/jmj/voice_ws/build/my_voice/build/lib/my_voice/button_pressed.py -> /home/jmj/voice_ws/install/my_voice/lib/python3.8/site-packages/my_voice
[0.565s] copying /home/jmj/voice_ws/build/my_voice/build/lib/my_voice/Sub.py -> /home/jmj/voice_ws/install/my_voice/lib/python3.8/site-packages/my_voice
[0.565s] copying /home/jmj/voice_ws/build/my_voice/build/lib/my_voice/stt_wake.py -> /home/jmj/voice_ws/install/my_voice/lib/python3.8/site-packages/my_voice
[0.566s] copying /home/jmj/voice_ws/build/my_voice/build/lib/my_voice/__init__.py -> /home/jmj/voice_ws/install/my_voice/lib/python3.8/site-packages/my_voice
[0.566s] copying /home/jmj/voice_ws/build/my_voice/build/lib/my_voice/stt.py -> /home/jmj/voice_ws/install/my_voice/lib/python3.8/site-packages/my_voice
[0.566s] copying /home/jmj/voice_ws/build/my_voice/build/lib/my_voice/playback.py -> /home/jmj/voice_ws/install/my_voice/lib/python3.8/site-packages/my_voice
[0.566s] copying /home/jmj/voice_ws/build/my_voice/build/lib/my_voice/tts.py -> /home/jmj/voice_ws/install/my_voice/lib/python3.8/site-packages/my_voice
[0.566s] copying /home/jmj/voice_ws/build/my_voice/build/lib/my_voice/Pub.py -> /home/jmj/voice_ws/install/my_voice/lib/python3.8/site-packages/my_voice
[0.566s] byte-compiling /home/jmj/voice_ws/install/my_voice/lib/python3.8/site-packages/my_voice/button_pressed.py to button_pressed.cpython-38.pyc
[0.566s] byte-compiling /home/jmj/voice_ws/install/my_voice/lib/python3.8/site-packages/my_voice/Sub.py to Sub.cpython-38.pyc
[0.566s] byte-compiling /home/jmj/voice_ws/install/my_voice/lib/python3.8/site-packages/my_voice/stt_wake.py to stt_wake.cpython-38.pyc
[0.567s] byte-compiling /home/jmj/voice_ws/install/my_voice/lib/python3.8/site-packages/my_voice/__init__.py to __init__.cpython-38.pyc
[0.567s] byte-compiling /home/jmj/voice_ws/install/my_voice/lib/python3.8/site-packages/my_voice/stt.py to stt.cpython-38.pyc
[0.567s] byte-compiling /home/jmj/voice_ws/install/my_voice/lib/python3.8/site-packages/my_voice/playback.py to playback.cpython-38.pyc
[0.568s] byte-compiling /home/jmj/voice_ws/install/my_voice/lib/python3.8/site-packages/my_voice/tts.py to tts.cpython-38.pyc
[0.568s] byte-compiling /home/jmj/voice_ws/install/my_voice/lib/python3.8/site-packages/my_voice/Pub.py to Pub.cpython-38.pyc
[0.568s] running install_data
[0.568s] copying resource/my_voice -> /home/jmj/voice_ws/install/my_voice/share/ament_index/resource_index/packages
[0.569s] copying package.xml -> /home/jmj/voice_ws/install/my_voice/share/my_voice
[0.569s] running install_egg_info
[0.569s] Copying ../build/my_voice/my_voice.egg-info to /home/jmj/voice_ws/install/my_voice/lib/python3.8/site-packages/my_voice-0.0.0-py3.8.egg-info
[0.570s] running install_scripts
[0.578s] Installing Pub script to /home/jmj/voice_ws/install/my_voice/lib/my_voice
[0.578s] Installing Sub script to /home/jmj/voice_ws/install/my_voice/lib/my_voice
[0.578s] Installing stt script to /home/jmj/voice_ws/install/my_voice/lib/my_voice
[0.578s] writing list of installed files to '/home/jmj/voice_ws/build/my_voice/install.log'
[0.588s] Invoked command in '/home/jmj/voice_ws/src' returned '0': PYTHONPATH=/home/jmj/voice_ws/build/my_voice/prefix_override:/usr/lib/python3/dist-packages/colcon_core/task/python/colcon_distutils_commands:/home/jmj/voice_ws/install/my_voice/lib/python3.8/site-packages:${PYTHONPATH} /usr/bin/python3 -W ignore:setup.py install is deprecated -W ignore:easy_install command is deprecated setup.py egg_info --egg-base ../build/my_voice build --build-base /home/jmj/voice_ws/build/my_voice/build install --record /home/jmj/voice_ws/build/my_voice/install.log --install-scripts $base/lib/my_voice --single-version-externally-managed install_data --force
