[0.006s] Invoking command in '/home/jmj/voice_ws/build/newpkg': CMAKE_PREFIX_PATH=/home/jmj/voice_ws/install/my_voice:/opt/ros/foxy /usr/bin/cmake /home/jmj/voice_ws/newpkg -DCMAKE_INSTALL_PREFIX=/home/jmj/voice_ws/install/newpkg
[0.015s] -- Found ament_cmake: 0.9.12 (/opt/ros/foxy/share/ament_cmake/cmake)
[0.027s] -- Found PythonInterp: /home/jmj/anaconda3/bin/python3 (found suitable version "3.12.7", minimum required is "3") 
[0.027s] -- Using PYTHON_EXECUTABLE: /home/jmj/anaconda3/bin/python3
[0.123s] -- Found rosidl_default_generators: 1.0.1 (/opt/ros/foxy/share/rosidl_default_generators/cmake)
[0.123s] -- Using all available rosidl_typesupport_c: rosidl_typesupport_fastrtps_c;rosidl_typesupport_introspection_c
[0.125s] -- Found rosidl_adapter: 1.3.1 (/opt/ros/foxy/share/rosidl_adapter/cmake)
[0.196s] -- Using all available rosidl_typesupport_cpp: rosidl_typesupport_fastrtps_cpp;rosidl_typesupport_introspection_cpp
[0.218s] -- Found PythonInterp: /home/jmj/anaconda3/bin/python3 (found version "3.12.7") 
[0.246s] CMake Error at /opt/ros/foxy/share/rosidl_adapter/cmake/rosidl_adapt_interfaces.cmake:60 (message):
[0.246s]   execute_process(/home/jmj/anaconda3/bin/python3 -m rosidl_adapter
[0.246s]   --package-name newpkg --arguments-file
[0.246s]   /home/jmj/voice_ws/build/newpkg/rosidl_adapter__arguments__newpkg.json
[0.246s]   --output-dir /home/jmj/voice_ws/build/newpkg/rosidl_adapter/newpkg
[0.246s]   --output-file /home/jmj/voice_ws/build/newpkg/rosidl_adapter/newpkg.idls)
[0.247s]   returned error code 1:
[0.247s] 
[0.247s]   Traceback (most recent call last):
[0.247s] 
[0.247s]     File "<frozen runpy>", line 198, in _run_module_as_main
[0.247s]     File "<frozen runpy>", line 88, in _run_code
[0.247s]     File "/opt/ros/foxy/lib/python3.8/site-packages/rosidl_adapter/__main__.py", line 19, in <module>
[0.247s]       sys.exit(main())
[0.247s]                ^^^^^^
[0.247s]     File "/opt/ros/foxy/lib/python3.8/site-packages/rosidl_adapter/main.py", line 53, in main
[0.247s]       abs_idl_file = convert_to_idl(
[0.247s]                      ^^^^^^^^^^^^^^^
[0.247s]     File "/opt/ros/foxy/lib/python3.8/site-packages/rosidl_adapter/__init__.py", line 19, in convert_to_idl
[0.247s]       return convert_msg_to_idl(
[0.247s]              ^^^^^^^^^^^^^^^^^^^
[0.247s]     File "/opt/ros/foxy/lib/python3.8/site-packages/rosidl_adapter/msg/__init__.py", line 28, in convert_msg_to_idl
[0.247s]       msg = parse_message_string(package_name, input_file.stem, content)
[0.247s]             ^^^^^^^^^^^^^^^^^^^^^^^^^^^^^^^^^^^^^^^^^^^^^^^^^^^^^^^^^^^^
[0.247s]     File "/opt/ros/foxy/lib/python3.8/site-packages/rosidl_adapter/parser.py", line 540, in parse_message_string
[0.247s]       msg = MessageSpecification(pkg_name, msg_name, fields, constants)
[0.247s]             ^^^^^^^^^^^^^^^^^^^^^^^^^^^^^^^^^^^^^^^^^^^^^^^^^^^^^^^^^^^
[0.247s]     File "/opt/ros/foxy/lib/python3.8/site-packages/rosidl_adapter/parser.py", line 387, in __init__
[0.247s]       self.base_type = BaseType(
[0.247s]                        ^^^^^^^^^
[0.247s]     File "/opt/ros/foxy/lib/python3.8/site-packages/rosidl_adapter/parser.py", line 204, in __init__
[0.247s]       raise InvalidResourceName(
[0.247s] 
[0.247s]   rosidl_adapter.parser.InvalidResourceName: 'mymsg' is an invalid message
[0.247s]   name.  It should have the pattern '^[A-Z][A-Za-z0-9]*$'
[0.247s] 
[0.247s] Call Stack (most recent call first):
[0.248s]   /opt/ros/foxy/share/rosidl_cmake/cmake/rosidl_generate_interfaces.cmake:130 (rosidl_adapt_interfaces)
[0.248s]   CMakeLists.txt:25 (rosidl_generate_interfaces)
[0.248s] 
[0.248s] 
[0.248s] -- Configuring incomplete, errors occurred!
[0.248s] See also "/home/jmj/voice_ws/build/newpkg/CMakeFiles/CMakeOutput.log".
[0.251s] Invoked command in '/home/jmj/voice_ws/build/newpkg' returned '1': CMAKE_PREFIX_PATH=/home/jmj/voice_ws/install/my_voice:/opt/ros/foxy /usr/bin/cmake /home/jmj/voice_ws/newpkg -DCMAKE_INSTALL_PREFIX=/home/jmj/voice_ws/install/newpkg
