[0.000000] (-) TimerEvent: {}
[0.000388] (my_voice) JobQueued: {'identifier': 'my_voice', 'dependencies': OrderedDict()}
[0.000449] (my_voice) JobStarted: {'identifier': 'my_voice'}
[0.099927] (-) TimerEvent: {}
[0.200267] (-) TimerEvent: {}
[0.285115] (my_voice) Command: {'cmd': ['/usr/bin/python3', '-W', 'ignore:setup.py install is deprecated', '-W', 'ignore:easy_install command is deprecated', 'setup.py', 'develop', '--uninstall', '--editable', '--build-directory', '/home/jmj/voice_ws/build/my_voice/build'], 'cwd': '/home/jmj/voice_ws/build/my_voice', 'env': {'GJS_DEBUG_TOPICS': 'JS ERROR;JS LOG', 'LESSOPEN': '| /usr/bin/lesspipe %s', 'CONDA_PROMPT_MODIFIER': '(test)', 'LANGUAGE': 'en_US:en', 'USER': 'jmj', 'LC_TIME': 'ko_KR.UTF-8', 'SSH_AGENT_PID': '1439', 'XDG_SESSION_TYPE': 'x11', 'SHLVL': '0', 'LD_LIBRARY_PATH': '/opt/ros/foxy/opt/yaml_cpp_vendor/lib:/opt/ros/foxy/opt/rviz_ogre_vendor/lib:/opt/ros/foxy/lib/x86_64-linux-gnu:/opt/ros/foxy/lib', 'HOME': '/home/jmj', 'CHROME_DESKTOP': 'code.desktop', 'CONDA_SHLVL': '2', 'TERM_PROGRAM_VERSION': '1.96.2', 'DESKTOP_SESSION': 'ubuntu', 'VSCODE_ENV_PREPEND': 'PATH=/home/jmj/anaconda3/envs/test/bin\\x3a/home/jmj/anaconda3/condabin\\x3a:PS1=(test)', 'GIO_LAUNCHED_DESKTOP_FILE': '/usr/share/applications/code.desktop', 'ROS_PYTHON_VERSION': '3', 'GNOME_SHELL_SESSION_MODE': 'ubuntu', 'GTK_MODULES': 'gail:atk-bridge', 'LC_MONETARY': 'ko_KR.UTF-8', 'MANAGERPID': '1338', 'DBUS_SESSION_BUS_ADDRESS': 'unix:path=/run/user/1000/bus', 'COLORTERM': 'truecolor', '_CE_M': '', 'CONDA_ALLOW_SOFTLINKS': 'false', 'GIO_LAUNCHED_DESKTOP_FILE_PID': '4022', 'IM_CONFIG_PHASE': '1', 'ROS_DISTRO': 'foxy', 'LOGNAME': 'jmj', 'CONDA_ROOT': '/home/jmj/anaconda3', '_': '/usr/bin/colcon', 'JOURNAL_STREAM': '8:44375', 'ROS_VERSION': '2', 'XDG_SESSION_CLASS': 'user', 'USERNAME': 'jmj', 'TERM': 'xterm-256color', 'GNOME_DESKTOP_SESSION_ID': 'this-is-deprecated', '_CE_CONDA': '', 'ROS_LOCALHOST_ONLY': '0', 'WINDOWPATH': '2', 'PATH': '/home/jmj/anaconda3/envs/test/bin:/home/jmj/anaconda3/condabin:/opt/ros/foxy/bin:/usr/local/sbin:/usr/local/bin:/usr/sbin:/usr/bin:/sbin:/bin:/usr/games:/usr/local/games:/snap/bin', 'SESSION_MANAGER': 'local/jmj:@/tmp/.ICE-unix/1475,unix/jmj:/tmp/.ICE-unix/1475', 'INVOCATION_ID': 'ba32015e047f49ecb2a00094d9914fda', 'PAPERSIZE': 'a4', 'XDG_MENU_PREFIX': 'gnome-', 'LC_ADDRESS': 'ko_KR.UTF-8', 'XDG_RUNTIME_DIR': '/run/user/1000', 'GDK_BACKEND': 'x11', 'DISPLAY': ':0', 'LANG': 'en_US.UTF-8', 'XDG_CURRENT_DESKTOP': 'Unity', 'LC_TELEPHONE': 'ko_KR.UTF-8', 'CONDA_PREFIX_1': '/home/jmj/anaconda3', 'XMODIFIERS': '@im=ibus', 'XDG_SESSION_DESKTOP': 'ubuntu', 'XAUTHORITY': '/run/user/1000/gdm/Xauthority', 'LS_COLORS': '', 'TERM_PROGRAM': 'vscode', 'SSH_AUTH_SOCK': '/run/user/1000/keyring/ssh', 'AMENT_PREFIX_PATH': '/opt/ros/foxy', 'CONDA_PYTHON_EXE': '/home/jmj/anaconda3/bin/python', 'ORIGINAL_XDG_CURRENT_DESKTOP': 'ubuntu:GNOME', 'SHELL': '/bin/bash', 'LC_NAME': 'ko_KR.UTF-8', 'QT_ACCESSIBILITY': '1', 'GDMSESSION': 'ubuntu', 'LESSCLOSE': '/usr/bin/lesspipe %s %s', 'VSCODE_ENV_REPLACE': 'CONDA_EXE=/home/jmj/anaconda3/bin/conda:_CE_M=:CONDA_ROOT=/home/jmj/anaconda3:CONDA_PREFIX=/home/jmj/anaconda3/envs/test:CONDA_PROMPT_MODIFIER=(test) :_CE_CONDA=:CONDA_SHLVL=2:CONDA_PYTHON_EXE=/home/jmj/anaconda3/bin/python:CONDA_DEFAULT_ENV=test:CONDA_ALLOW_SOFTLINKS=false:CONDA_PREFIX_1=/home/jmj/anaconda3', 'CONDA_DEFAULT_ENV': 'test', 'LC_MEASUREMENT': 'ko_KR.UTF-8', 'GPG_AGENT_INFO': '/run/user/1000/gnupg/S.gpg-agent:0:1', 'GJS_DEBUG_OUTPUT': 'stderr', 'LC_IDENTIFICATION': 'ko_KR.UTF-8', 'QT_IM_MODULE': 'ibus', 'PWD': '/home/jmj/voice_ws/build/my_voice', 'LC_ALL': 'en_US.UTF-8', 'XDG_CONFIG_DIRS': '/etc/xdg/xdg-ubuntu:/etc/xdg', 'CONDA_EXE': '/home/jmj/anaconda3/bin/conda', 'XDG_DATA_DIRS': '/usr/share/ubuntu:/usr/local/share/:/usr/share/:/var/lib/snapd/desktop', 'PYTHONPATH': '/home/jmj/voice_ws/build/my_voice/prefix_override:/usr/lib/python3/dist-packages/colcon_core/task/python/colcon_distutils_commands:/home/jmj/voice_ws/install/my_voice/lib/python3.8/site-packages:/opt/ros/foxy/lib/python3.8/site-packages', 'LC_NUMERIC': 'ko_KR.UTF-8', 'CONDA_PREFIX': '/home/jmj/anaconda3/envs/test', 'LC_PAPER': 'ko_KR.UTF-8', 'COLCON': '1'}, 'shell': False}
[0.300311] (-) TimerEvent: {}
[0.388052] (my_voice) StdoutLine: {'line': b'running develop\n'}
[0.400434] (-) TimerEvent: {}
[0.439412] (my_voice) StdoutLine: {'line': b'Removing /home/jmj/voice_ws/install/my_voice/lib/python3.8/site-packages/my-voice.egg-link (link to .)\n'}
[0.449282] (my_voice) CommandEnded: {'returncode': 0}
[0.450039] (my_voice) Command: {'cmd': ['/usr/bin/python3', '-W', 'ignore:setup.py install is deprecated', '-W', 'ignore:easy_install command is deprecated', 'setup.py', 'egg_info', '--egg-base', '../../build/my_voice', 'build', '--build-base', '/home/jmj/voice_ws/build/my_voice/build', 'install', '--record', '/home/jmj/voice_ws/build/my_voice/install.log', '--install-scripts', '$base/lib/my_voice', '--single-version-externally-managed', 'install_data', '--force'], 'cwd': '/home/jmj/voice_ws/src/my_voice', 'env': {'GJS_DEBUG_TOPICS': 'JS ERROR;JS LOG', 'LESSOPEN': '| /usr/bin/lesspipe %s', 'CONDA_PROMPT_MODIFIER': '(test)', 'LANGUAGE': 'en_US:en', 'USER': 'jmj', 'LC_TIME': 'ko_KR.UTF-8', 'SSH_AGENT_PID': '1439', 'XDG_SESSION_TYPE': 'x11', 'SHLVL': '0', 'LD_LIBRARY_PATH': '/opt/ros/foxy/opt/yaml_cpp_vendor/lib:/opt/ros/foxy/opt/rviz_ogre_vendor/lib:/opt/ros/foxy/lib/x86_64-linux-gnu:/opt/ros/foxy/lib', 'HOME': '/home/jmj', 'CHROME_DESKTOP': 'code.desktop', 'CONDA_SHLVL': '2', 'TERM_PROGRAM_VERSION': '1.96.2', 'DESKTOP_SESSION': 'ubuntu', 'VSCODE_ENV_PREPEND': 'PATH=/home/jmj/anaconda3/envs/test/bin\\x3a/home/jmj/anaconda3/condabin\\x3a:PS1=(test)', 'GIO_LAUNCHED_DESKTOP_FILE': '/usr/share/applications/code.desktop', 'ROS_PYTHON_VERSION': '3', 'GNOME_SHELL_SESSION_MODE': 'ubuntu', 'GTK_MODULES': 'gail:atk-bridge', 'LC_MONETARY': 'ko_KR.UTF-8', 'MANAGERPID': '1338', 'DBUS_SESSION_BUS_ADDRESS': 'unix:path=/run/user/1000/bus', 'COLORTERM': 'truecolor', '_CE_M': '', 'CONDA_ALLOW_SOFTLINKS': 'false', 'GIO_LAUNCHED_DESKTOP_FILE_PID': '4022', 'IM_CONFIG_PHASE': '1', 'ROS_DISTRO': 'foxy', 'LOGNAME': 'jmj', 'CONDA_ROOT': '/home/jmj/anaconda3', '_': '/usr/bin/colcon', 'JOURNAL_STREAM': '8:44375', 'ROS_VERSION': '2', 'XDG_SESSION_CLASS': 'user', 'USERNAME': 'jmj', 'TERM': 'xterm-256color', 'GNOME_DESKTOP_SESSION_ID': 'this-is-deprecated', '_CE_CONDA': '', 'ROS_LOCALHOST_ONLY': '0', 'WINDOWPATH': '2', 'PATH': '/home/jmj/anaconda3/envs/test/bin:/home/jmj/anaconda3/condabin:/opt/ros/foxy/bin:/usr/local/sbin:/usr/local/bin:/usr/sbin:/usr/bin:/sbin:/bin:/usr/games:/usr/local/games:/snap/bin', 'SESSION_MANAGER': 'local/jmj:@/tmp/.ICE-unix/1475,unix/jmj:/tmp/.ICE-unix/1475', 'INVOCATION_ID': 'ba32015e047f49ecb2a00094d9914fda', 'PAPERSIZE': 'a4', 'XDG_MENU_PREFIX': 'gnome-', 'LC_ADDRESS': 'ko_KR.UTF-8', 'XDG_RUNTIME_DIR': '/run/user/1000', 'GDK_BACKEND': 'x11', 'DISPLAY': ':0', 'LANG': 'en_US.UTF-8', 'XDG_CURRENT_DESKTOP': 'Unity', 'LC_TELEPHONE': 'ko_KR.UTF-8', 'CONDA_PREFIX_1': '/home/jmj/anaconda3', 'XMODIFIERS': '@im=ibus', 'XDG_SESSION_DESKTOP': 'ubuntu', 'XAUTHORITY': '/run/user/1000/gdm/Xauthority', 'LS_COLORS': '', 'TERM_PROGRAM': 'vscode', 'SSH_AUTH_SOCK': '/run/user/1000/keyring/ssh', 'AMENT_PREFIX_PATH': '/opt/ros/foxy', 'CONDA_PYTHON_EXE': '/home/jmj/anaconda3/bin/python', 'ORIGINAL_XDG_CURRENT_DESKTOP': 'ubuntu:GNOME', 'SHELL': '/bin/bash', 'LC_NAME': 'ko_KR.UTF-8', 'QT_ACCESSIBILITY': '1', 'GDMSESSION': 'ubuntu', 'LESSCLOSE': '/usr/bin/lesspipe %s %s', 'VSCODE_ENV_REPLACE': 'CONDA_EXE=/home/jmj/anaconda3/bin/conda:_CE_M=:CONDA_ROOT=/home/jmj/anaconda3:CONDA_PREFIX=/home/jmj/anaconda3/envs/test:CONDA_PROMPT_MODIFIER=(test) :_CE_CONDA=:CONDA_SHLVL=2:CONDA_PYTHON_EXE=/home/jmj/anaconda3/bin/python:CONDA_DEFAULT_ENV=test:CONDA_ALLOW_SOFTLINKS=false:CONDA_PREFIX_1=/home/jmj/anaconda3', 'CONDA_DEFAULT_ENV': 'test', 'LC_MEASUREMENT': 'ko_KR.UTF-8', 'GPG_AGENT_INFO': '/run/user/1000/gnupg/S.gpg-agent:0:1', 'GJS_DEBUG_OUTPUT': 'stderr', 'LC_IDENTIFICATION': 'ko_KR.UTF-8', 'QT_IM_MODULE': 'ibus', 'PWD': '/home/jmj/voice_ws/build/my_voice', 'LC_ALL': 'en_US.UTF-8', 'XDG_CONFIG_DIRS': '/etc/xdg/xdg-ubuntu:/etc/xdg', 'CONDA_EXE': '/home/jmj/anaconda3/bin/conda', 'XDG_DATA_DIRS': '/usr/share/ubuntu:/usr/local/share/:/usr/share/:/var/lib/snapd/desktop', 'PYTHONPATH': '/home/jmj/voice_ws/build/my_voice/prefix_override:/usr/lib/python3/dist-packages/colcon_core/task/python/colcon_distutils_commands:/home/jmj/voice_ws/install/my_voice/lib/python3.8/site-packages:/opt/ros/foxy/lib/python3.8/site-packages', 'LC_NUMERIC': 'ko_KR.UTF-8', 'CONDA_PREFIX': '/home/jmj/anaconda3/envs/test', 'LC_PAPER': 'ko_KR.UTF-8', 'COLCON': '1'}, 'shell': False}
[0.500585] (-) TimerEvent: {}
[0.546819] (my_voice) StdoutLine: {'line': b'running egg_info\n'}
[0.547146] (my_voice) StdoutLine: {'line': b'writing ../../build/my_voice/my_voice.egg-info/PKG-INFO\n'}
[0.547422] (my_voice) StdoutLine: {'line': b'writing dependency_links to ../../build/my_voice/my_voice.egg-info/dependency_links.txt\n'}
[0.547486] (my_voice) StdoutLine: {'line': b'writing entry points to ../../build/my_voice/my_voice.egg-info/entry_points.txt\n'}
[0.547518] (my_voice) StdoutLine: {'line': b'writing requirements to ../../build/my_voice/my_voice.egg-info/requires.txt\n'}
[0.547545] (my_voice) StdoutLine: {'line': b'writing top-level names to ../../build/my_voice/my_voice.egg-info/top_level.txt\n'}
[0.563986] (my_voice) StdoutLine: {'line': b"reading manifest file '../../build/my_voice/my_voice.egg-info/SOURCES.txt'\n"}
[0.564353] (my_voice) StdoutLine: {'line': b"writing manifest file '../../build/my_voice/my_voice.egg-info/SOURCES.txt'\n"}
[0.564429] (my_voice) StdoutLine: {'line': b'running build\n'}
[0.564567] (my_voice) StdoutLine: {'line': b'running build_py\n'}
[0.564637] (my_voice) StdoutLine: {'line': b'creating /home/jmj/voice_ws/build/my_voice/build\n'}
[0.564669] (my_voice) StdoutLine: {'line': b'creating /home/jmj/voice_ws/build/my_voice/build/lib\n'}
[0.564696] (my_voice) StdoutLine: {'line': b'creating /home/jmj/voice_ws/build/my_voice/build/lib/my_voice\n'}
[0.564741] (my_voice) StdoutLine: {'line': b'copying my_voice/Sub.py -> /home/jmj/voice_ws/build/my_voice/build/lib/my_voice\n'}
[0.564776] (my_voice) StdoutLine: {'line': b'copying my_voice/from gtts import gTTS.py -> /home/jmj/voice_ws/build/my_voice/build/lib/my_voice\n'}
[0.564801] (my_voice) StdoutLine: {'line': b'copying my_voice/__init__.py -> /home/jmj/voice_ws/build/my_voice/build/lib/my_voice\n'}
[0.564826] (my_voice) StdoutLine: {'line': b'copying my_voice/Pub.py -> /home/jmj/voice_ws/build/my_voice/build/lib/my_voice\n'}
[0.564850] (my_voice) StdoutLine: {'line': b'running install\n'}
[0.565175] (my_voice) StdoutLine: {'line': b'running install_lib\n'}
[0.565615] (my_voice) StdoutLine: {'line': b'creating /home/jmj/voice_ws/install/my_voice/lib/python3.8/site-packages/my_voice\n'}
[0.565690] (my_voice) StdoutLine: {'line': b'copying /home/jmj/voice_ws/build/my_voice/build/lib/my_voice/Sub.py -> /home/jmj/voice_ws/install/my_voice/lib/python3.8/site-packages/my_voice\n'}
[0.565746] (my_voice) StdoutLine: {'line': b'copying /home/jmj/voice_ws/build/my_voice/build/lib/my_voice/from gtts import gTTS.py -> /home/jmj/voice_ws/install/my_voice/lib/python3.8/site-packages/my_voice\n'}
[0.565775] (my_voice) StdoutLine: {'line': b'copying /home/jmj/voice_ws/build/my_voice/build/lib/my_voice/__init__.py -> /home/jmj/voice_ws/install/my_voice/lib/python3.8/site-packages/my_voice\n'}
[0.565802] (my_voice) StdoutLine: {'line': b'copying /home/jmj/voice_ws/build/my_voice/build/lib/my_voice/Pub.py -> /home/jmj/voice_ws/install/my_voice/lib/python3.8/site-packages/my_voice\n'}
[0.565963] (my_voice) StdoutLine: {'line': b'byte-compiling /home/jmj/voice_ws/install/my_voice/lib/python3.8/site-packages/my_voice/Sub.py to Sub.cpython-38.pyc\n'}
[0.566595] (my_voice) StdoutLine: {'line': b'byte-compiling /home/jmj/voice_ws/install/my_voice/lib/python3.8/site-packages/my_voice/from gtts import gTTS.py to from gtts import gTTS.cpython-38.pyc\n'}
[0.566680] (my_voice) StdoutLine: {'line': b'byte-compiling /home/jmj/voice_ws/install/my_voice/lib/python3.8/site-packages/my_voice/__init__.py to __init__.cpython-38.pyc\n'}
[0.566717] (my_voice) StdoutLine: {'line': b'byte-compiling /home/jmj/voice_ws/install/my_voice/lib/python3.8/site-packages/my_voice/Pub.py to Pub.cpython-38.pyc\n'}
[0.566854] (my_voice) StdoutLine: {'line': b'running install_data\n'}
[0.566901] (my_voice) StdoutLine: {'line': b'copying resource/my_voice -> /home/jmj/voice_ws/install/my_voice/share/ament_index/resource_index/packages\n'}
[0.566953] (my_voice) StdoutLine: {'line': b'copying package.xml -> /home/jmj/voice_ws/install/my_voice/share/my_voice\n'}
[0.566991] (my_voice) StdoutLine: {'line': b'running install_egg_info\n'}
[0.567807] (my_voice) StdoutLine: {'line': b'Copying ../../build/my_voice/my_voice.egg-info to /home/jmj/voice_ws/install/my_voice/lib/python3.8/site-packages/my_voice-0.0.0-py3.8.egg-info\n'}
[0.568086] (my_voice) StdoutLine: {'line': b'running install_scripts\n'}
[0.576589] (my_voice) StdoutLine: {'line': b'Installing Pub script to /home/jmj/voice_ws/install/my_voice/lib/my_voice\n'}
[0.576670] (my_voice) StdoutLine: {'line': b'Installing Sub script to /home/jmj/voice_ws/install/my_voice/lib/my_voice\n'}
[0.576802] (my_voice) StdoutLine: {'line': b"writing list of installed files to '/home/jmj/voice_ws/build/my_voice/install.log'\n"}
[0.586971] (my_voice) CommandEnded: {'returncode': 0}
[0.592254] (my_voice) JobEnded: {'identifier': 'my_voice', 'rc': 0}
[0.592612] (-) EventReactorShutdown: {}
