running egg_info
writing ../build/my_voice/my_voice.egg-info/PKG-INFO
writing dependency_links to ../build/my_voice/my_voice.egg-info/dependency_links.txt
writing entry points to ../build/my_voice/my_voice.egg-info/entry_points.txt
writing requirements to ../build/my_voice/my_voice.egg-info/requires.txt
writing top-level names to ../build/my_voice/my_voice.egg-info/top_level.txt
reading manifest file '../build/my_voice/my_voice.egg-info/SOURCES.txt'
writing manifest file '../build/my_voice/my_voice.egg-info/SOURCES.txt'
running build
running build_py
running install
running install_lib
running install_data
running install_egg_info
removing '/home/jmj/voice_ws/install/my_voice/lib/python3.8/site-packages/my_voice-0.0.0-py3.8.egg-info' (and everything under it)
Copying ../build/my_voice/my_voice.egg-info to /home/jmj/voice_ws/install/my_voice/lib/python3.8/site-packages/my_voice-0.0.0-py3.8.egg-info
running install_scripts
Installing Pub script to /home/jmj/voice_ws/install/my_voice/lib/my_voice
Installing Sub script to /home/jmj/voice_ws/install/my_voice/lib/my_voice
Installing stt script to /home/jmj/voice_ws/install/my_voice/lib/my_voice
writing list of installed files to '/home/jmj/voice_ws/build/my_voice/install.log'
