-- Found ament_cmake: 0.9.12 (/opt/ros/foxy/share/ament_cmake/cmake)
-- Found PythonInterp: /home/jmj/anaconda3/bin/python3 (found suitable version "3.12.7", minimum required is "3") 
-- Using PYTHON_EXECUTABLE: /home/jmj/anaconda3/bin/python3
-- Found rclcpp: 2.4.3 (/opt/ros/foxy/share/rclcpp/cmake)
-- Using all available rosidl_typesupport_c: rosidl_typesupport_fastrtps_c;rosidl_typesupport_introspection_c
-- Found rosidl_adapter: 1.3.1 (/opt/ros/foxy/share/rosidl_adapter/cmake)
-- Using all available rosidl_typesupport_cpp: rosidl_typesupport_fastrtps_cpp;rosidl_typesupport_introspection_cpp
-- Found rmw_implementation_cmake: 1.0.4 (/opt/ros/foxy/share/rmw_implementation_cmake/cmake)
-- Using RMW implementation 'rmw_fastrtps_cpp' as default
-- Found rosidl_default_generators: 1.0.1 (/opt/ros/foxy/share/rosidl_default_generators/cmake)
-- Found PythonInterp: /home/jmj/anaconda3/bin/python3 (found version "3.12.7") 
CMake Error at /opt/ros/foxy/share/rosidl_adapter/cmake/rosidl_adapt_interfaces.cmake:60 (message):
  execute_process(/home/jmj/anaconda3/bin/python3 -m rosidl_adapter
  --package-name mypkg --arguments-file
  /home/jmj/voice_ws/build/mypkg/rosidl_adapter__arguments__mypkg.json
  --output-dir /home/jmj/voice_ws/build/mypkg/rosidl_adapter/mypkg
  --output-file /home/jmj/voice_ws/build/mypkg/rosidl_adapter/mypkg.idls)
  returned error code 1:

  AttributeError processing template 'msg.idl.em'

  Traceback (most recent call last):

    File "/opt/ros/foxy/lib/python3.8/site-packages/rosidl_adapter/resource/__init__.py", line 48, in evaluate_template
      _interpreter = em.Interpreter(
                     ^^^^^^^^^^^^^^

  AttributeError: module 'em' has no attribute 'Interpreter'

  

  During handling of the above exception, another exception occurred:

  

  Traceback (most recent call last):

    File "<frozen runpy>", line 198, in _run_module_as_main
    File "<frozen runpy>", line 88, in _run_code
    File "/opt/ros/foxy/lib/python3.8/site-packages/rosidl_adapter/__main__.py", line 19, in <module>
      sys.exit(main())
               ^^^^^^
    File "/opt/ros/foxy/lib/python3.8/site-packages/rosidl_adapter/main.py", line 53, in main
      abs_idl_file = convert_to_idl(
                     ^^^^^^^^^^^^^^^
    File "/opt/ros/foxy/lib/python3.8/site-packages/rosidl_adapter/__init__.py", line 19, in convert_to_idl
      return convert_msg_to_idl(
             ^^^^^^^^^^^^^^^^^^^
    File "/opt/ros/foxy/lib/python3.8/site-packages/rosidl_adapter/msg/__init__.py", line 39, in convert_msg_to_idl
      expand_template('msg.idl.em', data, output_file, encoding='iso-8859-1')
    File "/opt/ros/foxy/lib/python3.8/site-packages/rosidl_adapter/resource/__init__.py", line 23, in expand_template
      content = evaluate_template(template_name, data)
                ^^^^^^^^^^^^^^^^^^^^^^^^^^^^^^^^^^^^^^
    File "/opt/ros/foxy/lib/python3.8/site-packages/rosidl_adapter/resource/__init__.py", line 69, in evaluate_template
      _interpreter.shutdown()
      ^^^^^^^^^^^^^^^^^^^^^

  AttributeError: 'NoneType' object has no attribute 'shutdown'

Call Stack (most recent call first):
  /opt/ros/foxy/share/rosidl_cmake/cmake/rosidl_generate_interfaces.cmake:130 (rosidl_adapt_interfaces)
  CMakeLists.txt:23 (rosidl_generate_interfaces)


-- Configuring incomplete, errors occurred!
See also "/home/jmj/voice_ws/build/mypkg/CMakeFiles/CMakeOutput.log".
See also "/home/jmj/voice_ws/build/mypkg/CMakeFiles/CMakeError.log".
