[0.653s] Invoking command in '/home/jmj/voice_ws/src': CONDA_PROMPT_MODIFIER=(test) PYTHONPATH=/home/jmj/voice_ws/build/my_voice/prefix_override:/usr/lib/python3/dist-packages/colcon_core/task/python/colcon_distutils_commands:/home/jmj/voice_ws/install/my_voice/lib/python3.8/site-packages:${PYTHONPATH} /usr/bin/python3 -W ignore:setup.py install is deprecated -W ignore:easy_install command is deprecated setup.py egg_info --egg-base ../build/my_voice build --build-base /home/jmj/voice_ws/build/my_voice/build install --record /home/jmj/voice_ws/build/my_voice/install.log --install-scripts $base/lib/my_voice --single-version-externally-managed install_data
[0.731s] /home/jmj/anaconda3/lib/python3.12/site-packages/setuptools/dist.py:452: SetuptoolsDeprecationWarning: Invalid dash-separated options
[0.731s] !!
[0.731s] 
[0.731s]         ********************************************************************************
[0.731s]         Usage of dash-separated 'script-dir' will not be supported in future
[0.731s]         versions. Please use the underscore name 'script_dir' instead.
[0.731s] 
[0.731s]         This deprecation is overdue, please update your project and remove deprecated
[0.731s]         calls to avoid build errors in the future.
[0.731s] 
[0.732s]         See https://setuptools.pypa.io/en/latest/userguide/declarative_config.html for details.
[0.732s]         ********************************************************************************
[0.732s] 
[0.732s] !!
[0.732s]   opt = self.warn_dash_deprecation(opt, section)
[0.746s] /home/jmj/anaconda3/lib/python3.12/site-packages/setuptools/_distutils/dist.py:261: UserWarning: Unknown distribution option: 'tests_require'
[0.746s]   warnings.warn(msg)
[0.828s] running egg_info
[0.841s] writing ../build/my_voice/my_voice.egg-info/PKG-INFO
[0.842s] writing dependency_links to ../build/my_voice/my_voice.egg-info/dependency_links.txt
[0.842s] writing entry points to ../build/my_voice/my_voice.egg-info/entry_points.txt
[0.842s] writing requirements to ../build/my_voice/my_voice.egg-info/requires.txt
[0.842s] writing top-level names to ../build/my_voice/my_voice.egg-info/top_level.txt
[0.924s] reading manifest file '../build/my_voice/my_voice.egg-info/SOURCES.txt'
[0.925s] writing manifest file '../build/my_voice/my_voice.egg-info/SOURCES.txt'
[0.925s] running build
[0.925s] running build_py
[0.925s] copying my_voice/button_pressed.py -> /home/jmj/voice_ws/build/my_voice/build/lib/my_voice
[0.926s] copying my_voice/Sub.py -> /home/jmj/voice_ws/build/my_voice/build/lib/my_voice
[0.926s] copying my_voice/stt_wake.py -> /home/jmj/voice_ws/build/my_voice/build/lib/my_voice
[0.926s] copying my_voice/__init__.py -> /home/jmj/voice_ws/build/my_voice/build/lib/my_voice
[0.926s] copying my_voice/playback.py -> /home/jmj/voice_ws/build/my_voice/build/lib/my_voice
[0.926s] copying my_voice/tts.py -> /home/jmj/voice_ws/build/my_voice/build/lib/my_voice
[0.926s] copying my_voice/Pub.py -> /home/jmj/voice_ws/build/my_voice/build/lib/my_voice
[0.926s] running install
[0.929s] running install_lib
[0.942s] copying /home/jmj/voice_ws/build/my_voice/build/lib/my_voice/stt.py -> /home/jmj/voice_ws/install/my_voice/lib/python3.8/site-packages/my_voice
[0.943s] byte-compiling /home/jmj/voice_ws/install/my_voice/lib/python3.8/site-packages/my_voice/stt.py to stt.cpython-38.pyc
[0.943s] running install_data
[0.944s] copying resource/my_voice -> /home/jmj/voice_ws/install/my_voice/share/ament_index/resource_index/packages
[0.944s] copying package.xml -> /home/jmj/voice_ws/install/my_voice/share/my_voice
[0.944s] running install_egg_info
[0.958s] removing '/home/jmj/voice_ws/install/my_voice/lib/python3.8/site-packages/my_voice-0.0.0-py3.8.egg-info' (and everything under it)
[0.958s] Copying ../build/my_voice/my_voice.egg-info to /home/jmj/voice_ws/install/my_voice/lib/python3.8/site-packages/my_voice-0.0.0-py3.8.egg-info
[0.958s] running install_scripts
[0.990s] Installing Pub script to /home/jmj/voice_ws/install/my_voice/lib/my_voice
[0.991s] Installing Sub script to /home/jmj/voice_ws/install/my_voice/lib/my_voice
[0.991s] Installing stt script to /home/jmj/voice_ws/install/my_voice/lib/my_voice
[0.991s] writing list of installed files to '/home/jmj/voice_ws/build/my_voice/install.log'
[1.003s] Invoked command in '/home/jmj/voice_ws/src' returned '0': CONDA_PROMPT_MODIFIER=(test) PYTHONPATH=/home/jmj/voice_ws/build/my_voice/prefix_override:/usr/lib/python3/dist-packages/colcon_core/task/python/colcon_distutils_commands:/home/jmj/voice_ws/install/my_voice/lib/python3.8/site-packages:${PYTHONPATH} /usr/bin/python3 -W ignore:setup.py install is deprecated -W ignore:easy_install command is deprecated setup.py egg_info --egg-base ../build/my_voice build --build-base /home/jmj/voice_ws/build/my_voice/build install --record /home/jmj/voice_ws/build/my_voice/install.log --install-scripts $base/lib/my_voice --single-version-externally-managed install_data
