[0.006s] Invoking command in '/home/jmj/voice_ws/build/newpkg': CMAKE_PREFIX_PATH=/home/jmj/voice_ws/install/my_voice:/opt/ros/foxy /usr/bin/cmake /home/jmj/voice_ws/newpkg -DCMAKE_INSTALL_PREFIX=/home/jmj/voice_ws/install/newpkg
[0.108s] -- The C compiler identification is GNU 9.4.0
[0.200s] -- The CXX compiler identification is GNU 9.4.0
[0.204s] -- Check for working C compiler: /usr/bin/cc
[0.256s] -- Check for working C compiler: /usr/bin/cc -- works
[0.258s] -- Detecting C compiler ABI info
[0.329s] -- Detecting C compiler ABI info - done
[0.342s] -- Detecting C compile features
[0.342s] -- Detecting C compile features - done
[0.345s] -- Check for working CXX compiler: /usr/bin/c++
[0.430s] -- Check for working CXX compiler: /usr/bin/c++ -- works
[0.431s] -- Detecting CXX compiler ABI info
[0.500s] -- Detecting CXX compiler ABI info - done
[0.506s] -- Detecting CXX compile features
[0.506s] -- Detecting CXX compile features - done
[0.508s] -- Found ament_cmake: 0.9.12 (/opt/ros/foxy/share/ament_cmake/cmake)
[0.521s] -- Found PythonInterp: /home/jmj/anaconda3/bin/python3 (found suitable version "3.12.7", minimum required is "3") 
[0.521s] -- Using PYTHON_EXECUTABLE: /home/jmj/anaconda3/bin/python3
[0.627s] -- Found rosidl_default_generators: 1.0.1 (/opt/ros/foxy/share/rosidl_default_generators/cmake)
[0.629s] -- Using all available rosidl_typesupport_c: rosidl_typesupport_fastrtps_c;rosidl_typesupport_introspection_c
[0.633s] -- Found rosidl_adapter: 1.3.1 (/opt/ros/foxy/share/rosidl_adapter/cmake)
[0.680s] -- Found OpenSSL: /usr/lib/x86_64-linux-gnu/libcrypto.so (found version "1.1.1f")  
[0.695s] -- Found FastRTPS: /opt/ros/foxy/include  
[0.739s] -- Using all available rosidl_typesupport_cpp: rosidl_typesupport_fastrtps_cpp;rosidl_typesupport_introspection_cpp
[0.769s] -- Found PythonInterp: /home/jmj/anaconda3/bin/python3 (found version "3.12.7") 
[0.798s] CMake Error at /opt/ros/foxy/share/rosidl_adapter/cmake/rosidl_adapt_interfaces.cmake:60 (message):
[0.798s]   execute_process(/home/jmj/anaconda3/bin/python3 -m rosidl_adapter
[0.798s]   --package-name newpkg --arguments-file
[0.798s]   /home/jmj/voice_ws/build/newpkg/rosidl_adapter__arguments__newpkg.json
[0.798s]   --output-dir /home/jmj/voice_ws/build/newpkg/rosidl_adapter/newpkg
[0.798s]   --output-file /home/jmj/voice_ws/build/newpkg/rosidl_adapter/newpkg.idls)
[0.798s]   returned error code 1:
[0.798s] 
[0.798s]   Traceback (most recent call last):
[0.798s] 
[0.798s]     File "<frozen runpy>", line 198, in _run_module_as_main
[0.798s]     File "<frozen runpy>", line 88, in _run_code
[0.798s]     File "/opt/ros/foxy/lib/python3.8/site-packages/rosidl_adapter/__main__.py", line 19, in <module>
[0.798s]       sys.exit(main())
[0.798s]                ^^^^^^
[0.798s]     File "/opt/ros/foxy/lib/python3.8/site-packages/rosidl_adapter/main.py", line 53, in main
[0.798s]       abs_idl_file = convert_to_idl(
[0.798s]                      ^^^^^^^^^^^^^^^
[0.798s]     File "/opt/ros/foxy/lib/python3.8/site-packages/rosidl_adapter/__init__.py", line 18, in convert_to_idl
[0.798s]       from rosidl_adapter.msg import convert_msg_to_idl
[0.798s]     File "/opt/ros/foxy/lib/python3.8/site-packages/rosidl_adapter/msg/__init__.py", line 16, in <module>
[0.798s]       from rosidl_adapter.resource import expand_template
[0.798s]     File "/opt/ros/foxy/lib/python3.8/site-packages/rosidl_adapter/resource/__init__.py", line 19, in <module>
[0.798s]       import em
[0.798s] 
[0.799s]   ModuleNotFoundError: No module named 'em'
[0.799s] 
[0.799s] Call Stack (most recent call first):
[0.799s]   /opt/ros/foxy/share/rosidl_cmake/cmake/rosidl_generate_interfaces.cmake:130 (rosidl_adapt_interfaces)
[0.799s]   CMakeLists.txt:25 (rosidl_generate_interfaces)
[0.799s] 
[0.799s] 
[0.799s] -- Configuring incomplete, errors occurred!
[0.799s] See also "/home/jmj/voice_ws/build/newpkg/CMakeFiles/CMakeOutput.log".
[0.803s] Invoked command in '/home/jmj/voice_ws/build/newpkg' returned '1': CMAKE_PREFIX_PATH=/home/jmj/voice_ws/install/my_voice:/opt/ros/foxy /usr/bin/cmake /home/jmj/voice_ws/newpkg -DCMAKE_INSTALL_PREFIX=/home/jmj/voice_ws/install/newpkg
