[0.289s] Invoking command in '/home/jmj/voice_ws/src/my_voice': CONDA_PROMPT_MODIFIER=(test) PYTHONPATH=/home/jmj/voice_ws/build/my_voice/prefix_override:/usr/lib/python3/dist-packages/colcon_core/task/python/colcon_distutils_commands:/home/jmj/voice_ws/install/my_voice/lib/python3.8/site-packages:${PYTHONPATH} VSCODE_ENV_PREPEND=PATH=/home/jmj/anaconda3/envs/test/bin\x3a/home/jmj/anaconda3/condabin\x3a/home/jmj/anaconda3/bin\x3a/home/jmj/anaconda3/condabin\x3a/opt/ros/foxy/bin\x3a/usr/local/sbin\x3a/usr/local/bin\x3a/usr/sbin\x3a/usr/bin\x3a/sbin\x3a/bin\x3a/usr/games\x3a/usr/local/games\x3a/snap/bin\x3a:PS1=(test) /usr/bin/python3 -W ignore:setup.py install is deprecated -W ignore:easy_install command is deprecated setup.py egg_info --egg-base ../../build/my_voice build --build-base /home/jmj/voice_ws/build/my_voice/build install --record /home/jmj/voice_ws/build/my_voice/install.log --install-scripts $base/lib/my_voice --single-version-externally-managed install_data
[0.387s] running egg_info
[0.388s] writing ../../build/my_voice/my_voice.egg-info/PKG-INFO
[0.388s] writing dependency_links to ../../build/my_voice/my_voice.egg-info/dependency_links.txt
[0.388s] writing entry points to ../../build/my_voice/my_voice.egg-info/entry_points.txt
[0.388s] writing requirements to ../../build/my_voice/my_voice.egg-info/requires.txt
[0.388s] writing top-level names to ../../build/my_voice/my_voice.egg-info/top_level.txt
[0.404s] reading manifest file '../../build/my_voice/my_voice.egg-info/SOURCES.txt'
[0.405s] writing manifest file '../../build/my_voice/my_voice.egg-info/SOURCES.txt'
[0.405s] running build
[0.405s] running build_py
[0.405s] running install
[0.406s] running install_lib
[0.406s] running install_data
[0.406s] running install_egg_info
[0.407s] removing '/home/jmj/voice_ws/install/my_voice/lib/python3.8/site-packages/my_voice-0.0.0-py3.8.egg-info' (and everything under it)
[0.407s] Copying ../../build/my_voice/my_voice.egg-info to /home/jmj/voice_ws/install/my_voice/lib/python3.8/site-packages/my_voice-0.0.0-py3.8.egg-info
[0.408s] running install_scripts
[0.417s] Installing Pub script to /home/jmj/voice_ws/install/my_voice/lib/my_voice
[0.417s] Installing Sub script to /home/jmj/voice_ws/install/my_voice/lib/my_voice
[0.417s] writing list of installed files to '/home/jmj/voice_ws/build/my_voice/install.log'
[0.427s] Invoked command in '/home/jmj/voice_ws/src/my_voice' returned '0': CONDA_PROMPT_MODIFIER=(test) PYTHONPATH=/home/jmj/voice_ws/build/my_voice/prefix_override:/usr/lib/python3/dist-packages/colcon_core/task/python/colcon_distutils_commands:/home/jmj/voice_ws/install/my_voice/lib/python3.8/site-packages:${PYTHONPATH} VSCODE_ENV_PREPEND=PATH=/home/jmj/anaconda3/envs/test/bin\x3a/home/jmj/anaconda3/condabin\x3a/home/jmj/anaconda3/bin\x3a/home/jmj/anaconda3/condabin\x3a/opt/ros/foxy/bin\x3a/usr/local/sbin\x3a/usr/local/bin\x3a/usr/sbin\x3a/usr/bin\x3a/sbin\x3a/bin\x3a/usr/games\x3a/usr/local/games\x3a/snap/bin\x3a:PS1=(test) /usr/bin/python3 -W ignore:setup.py install is deprecated -W ignore:easy_install command is deprecated setup.py egg_info --egg-base ../../build/my_voice build --build-base /home/jmj/voice_ws/build/my_voice/build install --record /home/jmj/voice_ws/build/my_voice/install.log --install-scripts $base/lib/my_voice --single-version-externally-managed install_data
