[0.270s] Invoking command in '/home/jmj/voice_ws/build/my_voice': CONDA_PROMPT_MODIFIER=(base) PYTHONPATH=/home/jmj/voice_ws/build/my_voice/prefix_override:/usr/lib/python3/dist-packages/colcon_core/task/python/colcon_distutils_commands:/home/jmj/voice_ws/install/my_voice/lib/python3.8/site-packages:${PYTHONPATH} /usr/bin/python3 -W ignore:setup.py install is deprecated -W ignore:easy_install command is deprecated setup.py develop --editable --build-directory /home/jmj/voice_ws/build/my_voice/build --no-deps symlink_data
[0.369s] running develop
[0.418s] running egg_info
[0.418s] creating my_voice.egg-info
[0.418s] writing my_voice.egg-info/PKG-INFO
[0.418s] writing dependency_links to my_voice.egg-info/dependency_links.txt
[0.418s] writing entry points to my_voice.egg-info/entry_points.txt
[0.418s] writing requirements to my_voice.egg-info/requires.txt
[0.418s] writing top-level names to my_voice.egg-info/top_level.txt
[0.419s] writing manifest file 'my_voice.egg-info/SOURCES.txt'
[0.434s] reading manifest file 'my_voice.egg-info/SOURCES.txt'
[0.434s] writing manifest file 'my_voice.egg-info/SOURCES.txt'
[0.449s] running build_ext
[0.449s] Creating /home/jmj/voice_ws/install/my_voice/lib/python3.8/site-packages/site.py
[0.450s] Creating /home/jmj/voice_ws/install/my_voice/lib/python3.8/site-packages/my-voice.egg-link (link to .)
[0.451s] 
[0.451s] Installed /home/jmj/voice_ws/build/my_voice
[0.451s] running symlink_data
[0.451s] creating /home/jmj/voice_ws/install/my_voice/share/ament_index
[0.451s] creating /home/jmj/voice_ws/install/my_voice/share/ament_index/resource_index
[0.451s] creating /home/jmj/voice_ws/install/my_voice/share/ament_index/resource_index/packages
[0.451s] symbolically linking /home/jmj/voice_ws/build/my_voice/resource/my_voice -> /home/jmj/voice_ws/install/my_voice/share/ament_index/resource_index/packages
[0.451s] symbolically linking /home/jmj/voice_ws/build/my_voice/package.xml -> /home/jmj/voice_ws/install/my_voice/share/my_voice
[0.462s] Invoked command in '/home/jmj/voice_ws/build/my_voice' returned '0': CONDA_PROMPT_MODIFIER=(base) PYTHONPATH=/home/jmj/voice_ws/build/my_voice/prefix_override:/usr/lib/python3/dist-packages/colcon_core/task/python/colcon_distutils_commands:/home/jmj/voice_ws/install/my_voice/lib/python3.8/site-packages:${PYTHONPATH} /usr/bin/python3 -W ignore:setup.py install is deprecated -W ignore:easy_install command is deprecated setup.py develop --editable --build-directory /home/jmj/voice_ws/build/my_voice/build --no-deps symlink_data
